<!DOCTYPE html PUBLIC "-//W3C//DTD XHTML 1.1//EN" "https://www.w3.org/TR/xhtml11/DTD/xhtml11.dtd">
<html xmlns="https://www.w3.org/1999/xhtml">
<head>
<meta http-equiv="content-type" content="text/html; charset=UTF-8"/>
<title>TestNG Report</title>
<style type="text/css">table {margin-bottom:10px;border-collapse:collapse;empty-cells:show}th,td {border:1px solid #009;padding:.25em .5em}th {vertical-align:bottom}td {vertical-align:top}table a {font-weight:bold}.stripe td {background-color: #E6EBF9}.num {text-align:right}.passedodd td {background-color: #3F3}.passedeven td {background-color: #0A0}.skippedodd td {background-color: #DDD}.skippedeven td {background-color: #CCC}.failedodd td,.attn {background-color: #F33}.failedeven td,.stripe .attn {background-color: #D00}.stacktrace {white-space:pre;font-family:monospace}.totop {font-size:85%;text-align:center;border-bottom:2px solid #000}.invisible {display:none}</style>
</head>
<body>
<table>
<tr><th>Test</th><th># Passed</th><th># Skipped</th><th># Retried</th><th># Failed</th><th>Time (ms)</th><th>Included Groups</th><th>Excluded Groups</th></tr>
<tr><th colspan="8">book-flight-module</th></tr>
<tr><td><a href="#t0">book-flight-3-chrome</a></td><td class="num">5</td><td class="num">0</td><td class="num">0</td><td class="num">0</td><td class="num">16,230</td><td></td><td></td></tr>
<tr class="stripe"><td><a href="#t1">book-flight-1-chrome</a></td><td class="num">4</td><td class="num">0</td><td class="num">0</td><td class="num attn">1</td><td class="num">31,847</td><td></td><td></td></tr>
<tr><td><a href="#t2">book-flight-1-firefox</a></td><td class="num">4</td><td class="num">0</td><td class="num">0</td><td class="num attn">1</td><td class="num">48,702</td><td></td><td></td></tr>
<tr class="stripe"><td><a href="#t3">book-flight-2-chrome</a></td><td class="num">0</td><td class="num attn">4</td><td class="num">0</td><td class="num attn">1</td><td class="num">60,197</td><td></td><td></td></tr>
<tr><td><a href="#t4">book-flight-4-chrome</a></td><td class="num">0</td><td class="num attn">4</td><td class="num">0</td><td class="num attn">1</td><td class="num">74,880</td><td></td><td></td></tr>
<tr class="stripe"><td><a href="#t5">book-flight-2-firefox</a></td><td class="num">5</td><td class="num">0</td><td class="num">0</td><td class="num">0</td><td class="num">73,885</td><td></td><td></td></tr>
<tr><td><a href="#t6">book-flight-3-firefox</a></td><td class="num">0</td><td class="num attn">4</td><td class="num">0</td><td class="num attn">1</td><td class="num">89,175</td><td></td><td></td></tr>
<tr class="stripe"><td><a href="#t7">book-flight-4-firefox</a></td><td class="num">0</td><td class="num attn">4</td><td class="num">0</td><td class="num attn">1</td><td class="num">83,486</td><td></td><td></td></tr>
<tr><th>Total</th><th class="num">18</th><th class="num attn">16</th><th class="num">0</th><th class="num attn">6</th><th class="num">478,402</th><th colspan="2"></th></tr>
</table>
<table id='summary'><thead><tr><th>Class</th><th>Method</th><th>Start</th><th>Time (ms)</th></tr></thead><tbody><tr><th colspan="4">book-flight-module</th></tr></tbody><tbody id="t0"><tr><th colspan="4">book-flight-3-chrome &#8212; passed</th></tr><tr class="passedeven"><td rowspan="5">com.newtour.tests.BookFlightsTest</td><td><a href="#m0">findFlightsPageTest</a></td><td rowspan="1">1613989739891</td><td rowspan="1">507</td></tr><tr class="passedeven"><td><a href="#m1">flightsDetailsPageTest</a></td><td rowspan="1">1613989737869</td><td rowspan="1">2020</td></tr><tr class="passedeven"><td><a href="#m2">printConformationPageTest</a></td><td rowspan="1">1613989740400</td><td rowspan="1">482</td></tr><tr class="passedeven"><td><a href="#m3">registrationConfirmationPageTest</a></td><td rowspan="1">1613989737627</td><td rowspan="1">240</td></tr><tr class="passedeven"><td><a href="#m4">registrationPageTest</a></td><td rowspan="1">1613989727618</td><td rowspan="1">9984</td></tr></tbody>
<tbody id="t1"><tr><th colspan="4">book-flight-1-chrome &#8212; failed</th></tr><tr class="failedeven"><td rowspan="1">com.newtour.tests.BookFlightsTest</td><td><a href="#m5">printConformationPageTest</a></td><td rowspan="1">1613989755251</td><td rowspan="1">379</td></tr><tr><th colspan="4">book-flight-1-chrome &#8212; passed</th></tr><tr class="passedeven"><td rowspan="4">com.newtour.tests.BookFlightsTest</td><td><a href="#m6">findFlightsPageTest</a></td><td rowspan="1">1613989754808</td><td rowspan="1">441</td></tr><tr class="passedeven"><td><a href="#m7">flightsDetailsPageTest</a></td><td rowspan="1">1613989753184</td><td rowspan="1">1623</td></tr><tr class="passedeven"><td><a href="#m8">registrationConfirmationPageTest</a></td><td rowspan="1">1613989752924</td><td rowspan="1">259</td></tr><tr class="passedeven"><td><a href="#m9">registrationPageTest</a></td><td rowspan="1">1613989742056</td><td rowspan="1">10867</td></tr></tbody>
<tbody id="t2"><tr><th colspan="4">book-flight-1-firefox &#8212; failed</th></tr><tr class="failedeven"><td rowspan="1">com.newtour.tests.BookFlightsTest</td><td><a href="#m10">printConformationPageTest</a></td><td rowspan="1">1613989772045</td><td rowspan="1">608</td></tr><tr><th colspan="4">book-flight-1-firefox &#8212; passed</th></tr><tr class="passedeven"><td rowspan="4">com.newtour.tests.BookFlightsTest</td><td><a href="#m11">findFlightsPageTest</a></td><td rowspan="1">1613989771456</td><td rowspan="1">588</td></tr><tr class="passedeven"><td><a href="#m12">flightsDetailsPageTest</a></td><td rowspan="1">1613989769566</td><td rowspan="1">1889</td></tr><tr class="passedeven"><td><a href="#m13">registrationConfirmationPageTest</a></td><td rowspan="1">1613989769064</td><td rowspan="1">501</td></tr><tr class="passedeven"><td><a href="#m14">registrationPageTest</a></td><td rowspan="1">1613989758197</td><td rowspan="1">10865</td></tr></tbody>
<tbody id="t3"><tr><th colspan="4">book-flight-2-chrome &#8212; failed (configuration methods)</th></tr><tr class="failedeven"><td rowspan="2">com.newtour.tests.BookFlightsTest</td><td><a href="#m15">quitBrowser</a></td><td rowspan="1">1613989784825</td><td rowspan="1">105</td></tr><tr class="failedeven"><td><a href="#m16">screenshot</a></td><td rowspan="1">1613989784799</td><td rowspan="1">23</td></tr><tr><th colspan="4">book-flight-2-chrome &#8212; failed</th></tr><tr class="failedeven"><td rowspan="1">com.newtour.tests.BookFlightsTest</td><td><a href="#m17">registrationPageTest</a></td><td rowspan="1">1613989774466</td><td rowspan="1">10333</td></tr><tr><th colspan="4">book-flight-2-chrome &#8212; skipped</th></tr><tr class="skippedeven"><td rowspan="4">com.newtour.tests.BookFlightsTest</td><td><a href="#m18">findFlightsPageTest</a></td><td rowspan="1">1613989784825</td><td rowspan="1">0</td></tr><tr class="skippedeven"><td><a href="#m19">flightsDetailsPageTest</a></td><td rowspan="1">1613989784824</td><td rowspan="1">0</td></tr><tr class="skippedeven"><td><a href="#m20">printConformationPageTest</a></td><td rowspan="1">1613989784825</td><td rowspan="1">0</td></tr><tr class="skippedeven"><td><a href="#m21">registrationConfirmationPageTest</a></td><td rowspan="1">1613989784824</td><td rowspan="1">0</td></tr></tbody>
<tbody id="t4"><tr><th colspan="4">book-flight-4-chrome &#8212; failed (configuration methods)</th></tr><tr class="failedeven"><td rowspan="2">com.newtour.tests.BookFlightsTest</td><td><a href="#m22">quitBrowser</a></td><td rowspan="1">1613989799593</td><td rowspan="1">24</td></tr><tr class="failedeven"><td><a href="#m23">screenshot</a></td><td rowspan="1">1613989799553</td><td rowspan="1">36</td></tr><tr><th colspan="4">book-flight-4-chrome &#8212; failed</th></tr><tr class="failedeven"><td rowspan="1">com.newtour.tests.BookFlightsTest</td><td><a href="#m24">registrationPageTest</a></td><td rowspan="1">1613989786164</td><td rowspan="1">13388</td></tr><tr><th colspan="4">book-flight-4-chrome &#8212; skipped</th></tr><tr class="skippedeven"><td rowspan="4">com.newtour.tests.BookFlightsTest</td><td><a href="#m25">findFlightsPageTest</a></td><td rowspan="1">1613989799590</td><td rowspan="1">0</td></tr><tr class="skippedeven"><td><a href="#m26">flightsDetailsPageTest</a></td><td rowspan="1">1613989799590</td><td rowspan="1">0</td></tr><tr class="skippedeven"><td><a href="#m27">printConformationPageTest</a></td><td rowspan="1">1613989799592</td><td rowspan="1">0</td></tr><tr class="skippedeven"><td><a href="#m28">registrationConfirmationPageTest</a></td><td rowspan="1">1613989799590</td><td rowspan="1">0</td></tr></tbody>
<tbody id="t5"><tr><th colspan="4">book-flight-2-firefox &#8212; passed</th></tr><tr class="passedeven"><td rowspan="5">com.newtour.tests.BookFlightsTest</td><td><a href="#m29">findFlightsPageTest</a></td><td rowspan="1">1613989813729</td><td rowspan="1">514</td></tr><tr class="passedeven"><td><a href="#m30">flightsDetailsPageTest</a></td><td rowspan="1">1613989811959</td><td rowspan="1">1769</td></tr><tr class="passedeven"><td><a href="#m31">printConformationPageTest</a></td><td rowspan="1">1613989814244</td><td rowspan="1">590</td></tr><tr class="passedeven"><td><a href="#m32">registrationConfirmationPageTest</a></td><td rowspan="1">1613989811688</td><td rowspan="1">270</td></tr><tr class="passedeven"><td><a href="#m33">registrationPageTest</a></td><td rowspan="1">1613989800598</td><td rowspan="1">11089</td></tr></tbody>
<tbody id="t6"><tr><th colspan="4">book-flight-3-firefox &#8212; failed (configuration methods)</th></tr><tr class="failedeven"><td rowspan="2">com.newtour.tests.BookFlightsTest</td><td><a href="#m34">quitBrowser</a></td><td rowspan="1">1613989845818</td><td rowspan="1">22</td></tr><tr class="failedeven"><td><a href="#m35">screenshot</a></td><td rowspan="1">1613989845764</td><td rowspan="1">49</td></tr><tr><th colspan="4">book-flight-3-firefox &#8212; failed</th></tr><tr class="failedeven"><td rowspan="1">com.newtour.tests.BookFlightsTest</td><td><a href="#m36">registrationPageTest</a></td><td rowspan="1">1613989815951</td><td rowspan="1">29812</td></tr><tr><th colspan="4">book-flight-3-firefox &#8212; skipped</th></tr><tr class="skippedeven"><td rowspan="4">com.newtour.tests.BookFlightsTest</td><td><a href="#m37">findFlightsPageTest</a></td><td rowspan="1">1613989845818</td><td rowspan="1">0</td></tr><tr class="skippedeven"><td><a href="#m38">flightsDetailsPageTest</a></td><td rowspan="1">1613989845818</td><td rowspan="1">0</td></tr><tr class="skippedeven"><td><a href="#m39">printConformationPageTest</a></td><td rowspan="1">1613989845818</td><td rowspan="1">0</td></tr><tr class="skippedeven"><td><a href="#m40">registrationConfirmationPageTest</a></td><td rowspan="1">1613989845817</td><td rowspan="1">0</td></tr></tbody>
<tbody id="t7"><tr><th colspan="4">book-flight-4-firefox &#8212; failed (configuration methods)</th></tr><tr class="failedeven"><td rowspan="2">com.newtour.tests.BookFlightsTest</td><td><a href="#m41">quitBrowser</a></td><td rowspan="1">1613989857024</td><td rowspan="1">13</td></tr><tr class="failedeven"><td><a href="#m42">screenshot</a></td><td rowspan="1">1613989857002</td><td rowspan="1">16</td></tr><tr><th colspan="4">book-flight-4-firefox &#8212; failed</th></tr><tr class="failedeven"><td rowspan="1">com.newtour.tests.BookFlightsTest</td><td><a href="#m43">registrationPageTest</a></td><td rowspan="1">1613989847067</td><td rowspan="1">9934</td></tr><tr><th colspan="4">book-flight-4-firefox &#8212; skipped</th></tr><tr class="skippedeven"><td rowspan="4">com.newtour.tests.BookFlightsTest</td><td><a href="#m44">findFlightsPageTest</a></td><td rowspan="1">1613989857020</td><td rowspan="1">0</td></tr><tr class="skippedeven"><td><a href="#m45">flightsDetailsPageTest</a></td><td rowspan="1">1613989857020</td><td rowspan="1">0</td></tr><tr class="skippedeven"><td><a href="#m46">printConformationPageTest</a></td><td rowspan="1">1613989857022</td><td rowspan="1">1</td></tr><tr class="skippedeven"><td><a href="#m47">registrationConfirmationPageTest</a></td><td rowspan="1">1613989857019</td><td rowspan="1">0</td></tr></tbody>
</table>
<h2>book-flight-3-chrome</h2><h3 id="m0">com.newtour.tests.BookFlightsTest#findFlightsPageTest</h3><table class="result"><tr><th class="invisible"/></tr></table><p class="totop"><a href="#summary">back to summary</a></p>
<h3 id="m1">com.newtour.tests.BookFlightsTest#flightsDetailsPageTest</h3><table class="result"><tr><th class="invisible"/></tr></table><p class="totop"><a href="#summary">back to summary</a></p>
<h3 id="m2">com.newtour.tests.BookFlightsTest#printConformationPageTest</h3><table class="result"><tr><th class="invisible"/></tr></table><p class="totop"><a href="#summary">back to summary</a></p>
<h3 id="m3">com.newtour.tests.BookFlightsTest#registrationConfirmationPageTest</h3><table class="result"><tr><th class="invisible"/></tr></table><p class="totop"><a href="#summary">back to summary</a></p>
<h3 id="m4">com.newtour.tests.BookFlightsTest#registrationPageTest</h3><table class="result"><tr class="param"><th>Parameter #1</th><th>Parameter #2</th></tr><tr class="param stripe"><td>Registration parameters in main test</td><td>{&quot;country&quot;:&quot;INDIA&quot;,&quot;user_info&quot;:{&quot;password&quot;:&quot;password&quot;,&quot;user_name&quot;:&quot;user_name&quot;},&quot;contactinfo&quot;:{&quot;firstname&quot;:&quot;vishnu&quot;,&quot;phone_number&quot;:&quot;8074839733&quot;,&quot;email&quot;:&quot;vishnu26121993@gmail.com&quot;,&quot;lastname&quot;:&quot;vardhan&quot;},&quot;mail_info&quot;:{&quot;pincode&quot;:&quot;pincode&quot;,&quot;address&quot;:&quot;address&quot;,&quot;city&quot;:&quot;city&quot;,&quot;state&quot;:&quot;state&quot;}}</td></tr></table><p class="totop"><a href="#summary">back to summary</a></p>
<h2>book-flight-1-chrome</h2><h3 id="m5">com.newtour.tests.BookFlightsTest#printConformationPageTest</h3><table class="result"><tr><th>Exception</th></tr><tr><td><div class="stacktrace">java.lang.AssertionError: expected [584 USD] but found [$584 USD]
	at com.newtour.tests.BookFlightsTest.printConformationPageTest(BookFlightsTest.java:78)
	at java.util.ArrayList.forEach(ArrayList.java:1257)
	at java.util.concurrent.FutureTask.run(FutureTask.java:266)
	at java.util.concurrent.ThreadPoolExecutor.runWorker(ThreadPoolExecutor.java:1149)
	at java.util.concurrent.ThreadPoolExecutor$Worker.run(ThreadPoolExecutor.java:624)
	at java.lang.Thread.run(Thread.java:748)
... Removed 24 stack frames</div></td></tr></table><p class="totop"><a href="#summary">back to summary</a></p>
<h3 id="m6">com.newtour.tests.BookFlightsTest#findFlightsPageTest</h3><table class="result"><tr><th class="invisible"/></tr></table><p class="totop"><a href="#summary">back to summary</a></p>
<h3 id="m7">com.newtour.tests.BookFlightsTest#flightsDetailsPageTest</h3><table class="result"><tr><th class="invisible"/></tr></table><p class="totop"><a href="#summary">back to summary</a></p>
<h3 id="m8">com.newtour.tests.BookFlightsTest#registrationConfirmationPageTest</h3><table class="result"><tr><th class="invisible"/></tr></table><p class="totop"><a href="#summary">back to summary</a></p>
<h3 id="m9">com.newtour.tests.BookFlightsTest#registrationPageTest</h3><table class="result"><tr class="param"><th>Parameter #1</th><th>Parameter #2</th></tr><tr class="param stripe"><td>Registration parameters in main test</td><td>{&quot;country&quot;:&quot;INDIA&quot;,&quot;user_info&quot;:{&quot;password&quot;:&quot;password&quot;,&quot;user_name&quot;:&quot;user_name&quot;},&quot;contactinfo&quot;:{&quot;firstname&quot;:&quot;vishnu&quot;,&quot;phone_number&quot;:&quot;8074839733&quot;,&quot;email&quot;:&quot;vishnu26121993@gmail.com&quot;,&quot;lastname&quot;:&quot;vardhan&quot;},&quot;mail_info&quot;:{&quot;pincode&quot;:&quot;pincode&quot;,&quot;address&quot;:&quot;address&quot;,&quot;city&quot;:&quot;city&quot;,&quot;state&quot;:&quot;state&quot;}}</td></tr></table><p class="totop"><a href="#summary">back to summary</a></p>
<h2>book-flight-1-firefox</h2><h3 id="m10">com.newtour.tests.BookFlightsTest#printConformationPageTest</h3><table class="result"><tr><th>Exception</th></tr><tr><td><div class="stacktrace">java.lang.AssertionError: expected [584 USD] but found [$584 USD]
	at com.newtour.tests.BookFlightsTest.printConformationPageTest(BookFlightsTest.java:78)
	at java.util.ArrayList.forEach(ArrayList.java:1257)
	at java.util.concurrent.FutureTask.run(FutureTask.java:266)
	at java.util.concurrent.ThreadPoolExecutor.runWorker(ThreadPoolExecutor.java:1149)
	at java.util.concurrent.ThreadPoolExecutor$Worker.run(ThreadPoolExecutor.java:624)
	at java.lang.Thread.run(Thread.java:748)
... Removed 24 stack frames</div></td></tr></table><p class="totop"><a href="#summary">back to summary</a></p>
<h3 id="m11">com.newtour.tests.BookFlightsTest#findFlightsPageTest</h3><table class="result"><tr><th class="invisible"/></tr></table><p class="totop"><a href="#summary">back to summary</a></p>
<h3 id="m12">com.newtour.tests.BookFlightsTest#flightsDetailsPageTest</h3><table class="result"><tr><th class="invisible"/></tr></table><p class="totop"><a href="#summary">back to summary</a></p>
<h3 id="m13">com.newtour.tests.BookFlightsTest#registrationConfirmationPageTest</h3><table class="result"><tr><th class="invisible"/></tr></table><p class="totop"><a href="#summary">back to summary</a></p>
<h3 id="m14">com.newtour.tests.BookFlightsTest#registrationPageTest</h3><table class="result"><tr class="param"><th>Parameter #1</th><th>Parameter #2</th></tr><tr class="param stripe"><td>Registration parameters in main test</td><td>{&quot;country&quot;:&quot;INDIA&quot;,&quot;user_info&quot;:{&quot;password&quot;:&quot;password&quot;,&quot;user_name&quot;:&quot;user_name&quot;},&quot;contactinfo&quot;:{&quot;firstname&quot;:&quot;vishnu&quot;,&quot;phone_number&quot;:&quot;8074839733&quot;,&quot;email&quot;:&quot;vishnu26121993@gmail.com&quot;,&quot;lastname&quot;:&quot;vardhan&quot;},&quot;mail_info&quot;:{&quot;pincode&quot;:&quot;pincode&quot;,&quot;address&quot;:&quot;address&quot;,&quot;city&quot;:&quot;city&quot;,&quot;state&quot;:&quot;state&quot;}}</td></tr></table><p class="totop"><a href="#summary">back to summary</a></p>
<h2>book-flight-2-chrome</h2><h3 id="m15">com.newtour.tests.BookFlightsTest#quitBrowser</h3><table class="result"><tr><th>Exception</th></tr><tr><td><div class="stacktrace">org.openqa.selenium.WebDriverException: Session [b896d89c13a6860320ae5c7685ed307e] was terminated due to BROWSER_TIMEOUT
Build info: version: &apos;3.141.59&apos;, revision: &apos;e82be7d358&apos;, time: &apos;2018-11-14T08:17:03&apos;
System info: host: &apos;43b03140fc1e&apos;, ip: &apos;172.20.0.5&apos;, os.name: &apos;Linux&apos;, os.arch: &apos;amd64&apos;, os.version: &apos;4.19.121-linuxkit&apos;, java.version: &apos;1.8.0_212&apos;
Driver info: org.openqa.selenium.remote.RemoteWebDriver
Capabilities {acceptInsecureCerts: false, browserName: chrome, browserVersion: 88.0.4324.96, chrome: {chromedriverVersion: 88.0.4324.96 (68dba2d8a0b14..., userDataDir: /tmp/.com.google.Chrome.sfl9Dq}, goog:chromeOptions: {debuggerAddress: localhost:42633}, javascriptEnabled: true, networkConnectionEnabled: false, pageLoadStrategy: normal, platform: LINUX, platformName: LINUX, proxy: Proxy(), setWindowRect: true, strictFileInteractability: false, timeouts: {implicit: 0, pageLoad: 300000, script: 30000}, unhandledPromptBehavior: dismiss and notify, webauthn:extension:largeBlob: true, webauthn:virtualAuthenticators: true, webdriver.remote.sessionid: b896d89c13a6860320ae5c7685e...}
Session ID: b896d89c13a6860320ae5c7685ed307e
	at org.openqa.selenium.remote.http.W3CHttpResponseCodec.createException(W3CHttpResponseCodec.java:187)
	at org.openqa.selenium.remote.http.W3CHttpResponseCodec.decode(W3CHttpResponseCodec.java:122)
	at org.openqa.selenium.remote.http.W3CHttpResponseCodec.decode(W3CHttpResponseCodec.java:49)
	at org.openqa.selenium.remote.HttpCommandExecutor.execute(HttpCommandExecutor.java:158)
	at org.openqa.selenium.remote.RemoteWebDriver.execute(RemoteWebDriver.java:552)
	at org.openqa.selenium.remote.RemoteWebDriver.execute(RemoteWebDriver.java:609)
	at org.openqa.selenium.remote.RemoteWebDriver.quit(RemoteWebDriver.java:452)
	at tests.BaseTest.quitBrowser(BaseTest.java:44)
	at java.util.concurrent.FutureTask.run(FutureTask.java:266)
	at java.util.concurrent.ThreadPoolExecutor.runWorker(ThreadPoolExecutor.java:1149)
	at java.util.concurrent.ThreadPoolExecutor$Worker.run(ThreadPoolExecutor.java:624)
	at java.lang.Thread.run(Thread.java:748)
... Removed 19 stack frames</div></td></tr></table><p class="totop"><a href="#summary">back to summary</a></p>
<h3 id="m16">com.newtour.tests.BookFlightsTest#screenshot</h3><table class="result"><tr class="param"><th>Parameter #1</th></tr><tr class="param stripe"><td>[TestResult name=registrationPageTest status=FAILURE method=BookFlightsTest.registrationPageTest(java.lang.String, java.lang.String)[pri:0, instance:com.newtour.tests.BookFlightsTest@27efef64] output={null}]</td></tr><tr><th>Exception</th></tr><tr><td><div class="stacktrace">org.openqa.selenium.NoSuchSessionException: invalid session id
Build info: version: &apos;3.141.59&apos;, revision: &apos;e82be7d358&apos;, time: &apos;2018-11-14T08:17:03&apos;
System info: host: &apos;43b03140fc1e&apos;, ip: &apos;172.20.0.5&apos;, os.name: &apos;Linux&apos;, os.arch: &apos;amd64&apos;, os.version: &apos;4.19.121-linuxkit&apos;, java.version: &apos;1.8.0_212&apos;
Driver info: org.openqa.selenium.remote.RemoteWebDriver
Capabilities {acceptInsecureCerts: false, browserName: chrome, browserVersion: 88.0.4324.96, chrome: {chromedriverVersion: 88.0.4324.96 (68dba2d8a0b14..., userDataDir: /tmp/.com.google.Chrome.sfl9Dq}, goog:chromeOptions: {debuggerAddress: localhost:42633}, javascriptEnabled: true, networkConnectionEnabled: false, pageLoadStrategy: normal, platform: LINUX, platformName: LINUX, proxy: Proxy(), setWindowRect: true, strictFileInteractability: false, timeouts: {implicit: 0, pageLoad: 300000, script: 30000}, unhandledPromptBehavior: dismiss and notify, webauthn:extension:largeBlob: true, webauthn:virtualAuthenticators: true, webdriver.remote.sessionid: b896d89c13a6860320ae5c7685e...}
Session ID: b896d89c13a6860320ae5c7685ed307e
	at org.openqa.selenium.remote.http.W3CHttpResponseCodec.createException(W3CHttpResponseCodec.java:187)
	at org.openqa.selenium.remote.http.W3CHttpResponseCodec.decode(W3CHttpResponseCodec.java:122)
	at org.openqa.selenium.remote.http.W3CHttpResponseCodec.decode(W3CHttpResponseCodec.java:49)
	at org.openqa.selenium.remote.HttpCommandExecutor.execute(HttpCommandExecutor.java:158)
	at org.openqa.selenium.remote.RemoteWebDriver.execute(RemoteWebDriver.java:552)
	at org.openqa.selenium.remote.RemoteWebDriver.execute(RemoteWebDriver.java:609)
	at org.openqa.selenium.remote.RemoteWebDriver.getScreenshotAs(RemoteWebDriver.java:295)
	at com.newtour.tests.BookFlightsTest.screenshot(BookFlightsTest.java:95)
	at java.util.ArrayList.forEach(ArrayList.java:1257)
	at java.util.concurrent.FutureTask.run(FutureTask.java:266)
	at java.util.concurrent.ThreadPoolExecutor.runWorker(ThreadPoolExecutor.java:1149)
	at java.util.concurrent.ThreadPoolExecutor$Worker.run(ThreadPoolExecutor.java:624)
	at java.lang.Thread.run(Thread.java:748)
... Removed 27 stack frames</div></td></tr></table><p class="totop"><a href="#summary">back to summary</a></p>
<h3 id="m17">com.newtour.tests.BookFlightsTest#registrationPageTest</h3><table class="result"><tr class="param"><th>Parameter #1</th><th>Parameter #2</th></tr><tr class="param stripe"><td>Registration parameters in main test</td><td>{&quot;country&quot;:&quot;INDIA&quot;,&quot;user_info&quot;:{&quot;password&quot;:&quot;password&quot;,&quot;user_name&quot;:&quot;user_name&quot;},&quot;contactinfo&quot;:{&quot;firstname&quot;:&quot;vishnu&quot;,&quot;phone_number&quot;:&quot;8074839733&quot;,&quot;email&quot;:&quot;vishnu26121993@gmail.com&quot;,&quot;lastname&quot;:&quot;vardhan&quot;},&quot;mail_info&quot;:{&quot;pincode&quot;:&quot;pincode&quot;,&quot;address&quot;:&quot;address&quot;,&quot;city&quot;:&quot;city&quot;,&quot;state&quot;:&quot;state&quot;}}</td></tr><tr><th colspan="2">Exception</th></tr><tr><td colspan="2"><div class="stacktrace">org.openqa.selenium.WebDriverException: unknown error: session deleted because of page crash
from unknown error: cannot determine loading status
from tab crashed
  (Session info: chrome=88.0.4324.96)
Build info: version: &apos;3.141.59&apos;, revision: &apos;e82be7d358&apos;, time: &apos;2018-11-14T08:17:03&apos;
System info: host: &apos;43b03140fc1e&apos;, ip: &apos;172.20.0.5&apos;, os.name: &apos;Linux&apos;, os.arch: &apos;amd64&apos;, os.version: &apos;4.19.121-linuxkit&apos;, java.version: &apos;1.8.0_212&apos;
Driver info: org.openqa.selenium.remote.RemoteWebDriver
Capabilities {acceptInsecureCerts: false, browserName: chrome, browserVersion: 88.0.4324.96, chrome: {chromedriverVersion: 88.0.4324.96 (68dba2d8a0b14..., userDataDir: /tmp/.com.google.Chrome.sfl9Dq}, goog:chromeOptions: {debuggerAddress: localhost:42633}, javascriptEnabled: true, networkConnectionEnabled: false, pageLoadStrategy: normal, platform: LINUX, platformName: LINUX, proxy: Proxy(), setWindowRect: true, strictFileInteractability: false, timeouts: {implicit: 0, pageLoad: 300000, script: 30000}, unhandledPromptBehavior: dismiss and notify, webauthn:extension:largeBlob: true, webauthn:virtualAuthenticators: true, webdriver.remote.sessionid: b896d89c13a6860320ae5c7685e...}
Session ID: b896d89c13a6860320ae5c7685ed307e
	at org.openqa.selenium.remote.http.W3CHttpResponseCodec.createException(W3CHttpResponseCodec.java:187)
	at org.openqa.selenium.remote.http.W3CHttpResponseCodec.decode(W3CHttpResponseCodec.java:122)
	at org.openqa.selenium.remote.http.W3CHttpResponseCodec.decode(W3CHttpResponseCodec.java:49)
	at org.openqa.selenium.remote.HttpCommandExecutor.execute(HttpCommandExecutor.java:158)
	at org.openqa.selenium.remote.RemoteWebDriver.execute(RemoteWebDriver.java:552)
	at org.openqa.selenium.remote.RemoteWebDriver.get(RemoteWebDriver.java:277)
	at com.newtours.pages.RegistrationPage.goTo(RegistrationPage.java:61)
	at com.newtour.tests.BookFlightsTest.registrationPageTest(BookFlightsTest.java:37)
	at java.util.ArrayList.forEach(ArrayList.java:1257)
	at java.util.concurrent.FutureTask.run(FutureTask.java:266)
	at java.util.concurrent.ThreadPoolExecutor.runWorker(ThreadPoolExecutor.java:1149)
	at java.util.concurrent.ThreadPoolExecutor$Worker.run(ThreadPoolExecutor.java:624)
	at java.lang.Thread.run(Thread.java:748)
... Removed 22 stack frames</div></td></tr></table><p class="totop"><a href="#summary">back to summary</a></p>
<h3 id="m18">com.newtour.tests.BookFlightsTest#findFlightsPageTest</h3><table class="result"><tr><th>Exception</th></tr><tr><td><div class="stacktrace">java.lang.Throwable: Method BookFlightsTest.findFlightsPageTest()[pri:0, instance:com.newtour.tests.BookFlightsTest@27efef64] depends on not successfully finished methods
	at java.util.ArrayList.forEach(ArrayList.java:1257)
	at java.util.concurrent.FutureTask.run(FutureTask.java:266)
	at java.util.concurrent.ThreadPoolExecutor.runWorker(ThreadPoolExecutor.java:1149)
	at java.util.concurrent.ThreadPoolExecutor$Worker.run(ThreadPoolExecutor.java:624)
	at java.lang.Thread.run(Thread.java:748)
... Removed 9 stack frames</div></td></tr></table><p class="totop"><a href="#summary">back to summary</a></p>
<h3 id="m19">com.newtour.tests.BookFlightsTest#flightsDetailsPageTest</h3><table class="result"><tr><th>Exception</th></tr><tr><td><div class="stacktrace">java.lang.Throwable: Method BookFlightsTest.flightsDetailsPageTest()[pri:0, instance:com.newtour.tests.BookFlightsTest@27efef64] depends on not successfully finished methods
	at java.util.ArrayList.forEach(ArrayList.java:1257)
	at java.util.concurrent.FutureTask.run(FutureTask.java:266)
	at java.util.concurrent.ThreadPoolExecutor.runWorker(ThreadPoolExecutor.java:1149)
	at java.util.concurrent.ThreadPoolExecutor$Worker.run(ThreadPoolExecutor.java:624)
	at java.lang.Thread.run(Thread.java:748)
... Removed 9 stack frames</div></td></tr></table><p class="totop"><a href="#summary">back to summary</a></p>
<h3 id="m20">com.newtour.tests.BookFlightsTest#printConformationPageTest</h3><table class="result"><tr><th>Exception</th></tr><tr><td><div class="stacktrace">java.lang.Throwable: Method BookFlightsTest.printConformationPageTest()[pri:0, instance:com.newtour.tests.BookFlightsTest@27efef64] depends on not successfully finished methods
	at java.util.ArrayList.forEach(ArrayList.java:1257)
	at java.util.concurrent.FutureTask.run(FutureTask.java:266)
	at java.util.concurrent.ThreadPoolExecutor.runWorker(ThreadPoolExecutor.java:1149)
	at java.util.concurrent.ThreadPoolExecutor$Worker.run(ThreadPoolExecutor.java:624)
	at java.lang.Thread.run(Thread.java:748)
... Removed 9 stack frames</div></td></tr></table><p class="totop"><a href="#summary">back to summary</a></p>
<h3 id="m21">com.newtour.tests.BookFlightsTest#registrationConfirmationPageTest</h3><table class="result"><tr><th>Exception</th></tr><tr><td><div class="stacktrace">java.lang.Throwable: Method BookFlightsTest.registrationConfirmationPageTest()[pri:0, instance:com.newtour.tests.BookFlightsTest@27efef64] depends on not successfully finished methods
	at java.util.ArrayList.forEach(ArrayList.java:1257)
	at java.util.concurrent.FutureTask.run(FutureTask.java:266)
	at java.util.concurrent.ThreadPoolExecutor.runWorker(ThreadPoolExecutor.java:1149)
	at java.util.concurrent.ThreadPoolExecutor$Worker.run(ThreadPoolExecutor.java:624)
	at java.lang.Thread.run(Thread.java:748)
... Removed 9 stack frames</div></td></tr></table><p class="totop"><a href="#summary">back to summary</a></p>
<h2>book-flight-4-chrome</h2><h3 id="m22">com.newtour.tests.BookFlightsTest#quitBrowser</h3><table class="result"><tr><th>Exception</th></tr><tr><td><div class="stacktrace">org.openqa.selenium.WebDriverException: Session [92f378e870ef685d33b8662fd0271b45] was terminated due to BROWSER_TIMEOUT
Build info: version: &apos;3.141.59&apos;, revision: &apos;e82be7d358&apos;, time: &apos;2018-11-14T08:17:03&apos;
System info: host: &apos;43b03140fc1e&apos;, ip: &apos;172.20.0.5&apos;, os.name: &apos;Linux&apos;, os.arch: &apos;amd64&apos;, os.version: &apos;4.19.121-linuxkit&apos;, java.version: &apos;1.8.0_212&apos;
Driver info: org.openqa.selenium.remote.RemoteWebDriver
Capabilities {acceptInsecureCerts: false, browserName: chrome, browserVersion: 88.0.4324.96, chrome: {chromedriverVersion: 88.0.4324.96 (68dba2d8a0b14..., userDataDir: /tmp/.com.google.Chrome.CAdHsq}, goog:chromeOptions: {debuggerAddress: localhost:44069}, javascriptEnabled: true, networkConnectionEnabled: false, pageLoadStrategy: normal, platform: LINUX, platformName: LINUX, proxy: Proxy(), setWindowRect: true, strictFileInteractability: false, timeouts: {implicit: 0, pageLoad: 300000, script: 30000}, unhandledPromptBehavior: dismiss and notify, webauthn:extension:largeBlob: true, webauthn:virtualAuthenticators: true, webdriver.remote.sessionid: 92f378e870ef685d33b8662fd02...}
Session ID: 92f378e870ef685d33b8662fd0271b45
	at org.openqa.selenium.remote.http.W3CHttpResponseCodec.createException(W3CHttpResponseCodec.java:187)
	at org.openqa.selenium.remote.http.W3CHttpResponseCodec.decode(W3CHttpResponseCodec.java:122)
	at org.openqa.selenium.remote.http.W3CHttpResponseCodec.decode(W3CHttpResponseCodec.java:49)
	at org.openqa.selenium.remote.HttpCommandExecutor.execute(HttpCommandExecutor.java:158)
	at org.openqa.selenium.remote.RemoteWebDriver.execute(RemoteWebDriver.java:552)
	at org.openqa.selenium.remote.RemoteWebDriver.execute(RemoteWebDriver.java:609)
	at org.openqa.selenium.remote.RemoteWebDriver.quit(RemoteWebDriver.java:452)
	at tests.BaseTest.quitBrowser(BaseTest.java:44)
	at java.util.concurrent.FutureTask.run(FutureTask.java:266)
	at java.util.concurrent.ThreadPoolExecutor.runWorker(ThreadPoolExecutor.java:1149)
	at java.util.concurrent.ThreadPoolExecutor$Worker.run(ThreadPoolExecutor.java:624)
	at java.lang.Thread.run(Thread.java:748)
... Removed 19 stack frames</div></td></tr></table><p class="totop"><a href="#summary">back to summary</a></p>
<h3 id="m23">com.newtour.tests.BookFlightsTest#screenshot</h3><table class="result"><tr class="param"><th>Parameter #1</th></tr><tr class="param stripe"><td>[TestResult name=registrationPageTest status=FAILURE method=BookFlightsTest.registrationPageTest(java.lang.String, java.lang.String)[pri:0, instance:com.newtour.tests.BookFlightsTest@5622fdf] output={null}]</td></tr><tr><th>Exception</th></tr><tr><td><div class="stacktrace">org.openqa.selenium.NoSuchSessionException: invalid session id
Build info: version: &apos;3.141.59&apos;, revision: &apos;e82be7d358&apos;, time: &apos;2018-11-14T08:17:03&apos;
System info: host: &apos;43b03140fc1e&apos;, ip: &apos;172.20.0.5&apos;, os.name: &apos;Linux&apos;, os.arch: &apos;amd64&apos;, os.version: &apos;4.19.121-linuxkit&apos;, java.version: &apos;1.8.0_212&apos;
Driver info: org.openqa.selenium.remote.RemoteWebDriver
Capabilities {acceptInsecureCerts: false, browserName: chrome, browserVersion: 88.0.4324.96, chrome: {chromedriverVersion: 88.0.4324.96 (68dba2d8a0b14..., userDataDir: /tmp/.com.google.Chrome.CAdHsq}, goog:chromeOptions: {debuggerAddress: localhost:44069}, javascriptEnabled: true, networkConnectionEnabled: false, pageLoadStrategy: normal, platform: LINUX, platformName: LINUX, proxy: Proxy(), setWindowRect: true, strictFileInteractability: false, timeouts: {implicit: 0, pageLoad: 300000, script: 30000}, unhandledPromptBehavior: dismiss and notify, webauthn:extension:largeBlob: true, webauthn:virtualAuthenticators: true, webdriver.remote.sessionid: 92f378e870ef685d33b8662fd02...}
Session ID: 92f378e870ef685d33b8662fd0271b45
	at org.openqa.selenium.remote.http.W3CHttpResponseCodec.createException(W3CHttpResponseCodec.java:187)
	at org.openqa.selenium.remote.http.W3CHttpResponseCodec.decode(W3CHttpResponseCodec.java:122)
	at org.openqa.selenium.remote.http.W3CHttpResponseCodec.decode(W3CHttpResponseCodec.java:49)
	at org.openqa.selenium.remote.HttpCommandExecutor.execute(HttpCommandExecutor.java:158)
	at org.openqa.selenium.remote.RemoteWebDriver.execute(RemoteWebDriver.java:552)
	at org.openqa.selenium.remote.RemoteWebDriver.execute(RemoteWebDriver.java:609)
	at org.openqa.selenium.remote.RemoteWebDriver.getScreenshotAs(RemoteWebDriver.java:295)
	at com.newtour.tests.BookFlightsTest.screenshot(BookFlightsTest.java:95)
	at java.util.ArrayList.forEach(ArrayList.java:1257)
	at java.util.concurrent.FutureTask.run(FutureTask.java:266)
	at java.util.concurrent.ThreadPoolExecutor.runWorker(ThreadPoolExecutor.java:1149)
	at java.util.concurrent.ThreadPoolExecutor$Worker.run(ThreadPoolExecutor.java:624)
	at java.lang.Thread.run(Thread.java:748)
... Removed 26 stack frames</div></td></tr></table><p class="totop"><a href="#summary">back to summary</a></p>
<h3 id="m24">com.newtour.tests.BookFlightsTest#registrationPageTest</h3><table class="result"><tr class="param"><th>Parameter #1</th><th>Parameter #2</th></tr><tr class="param stripe"><td>Registration parameters in main test</td><td>{&quot;country&quot;:&quot;INDIA&quot;,&quot;user_info&quot;:{&quot;password&quot;:&quot;password&quot;,&quot;user_name&quot;:&quot;user_name&quot;},&quot;contactinfo&quot;:{&quot;firstname&quot;:&quot;vishnu&quot;,&quot;phone_number&quot;:&quot;8074839733&quot;,&quot;email&quot;:&quot;vishnu26121993@gmail.com&quot;,&quot;lastname&quot;:&quot;vardhan&quot;},&quot;mail_info&quot;:{&quot;pincode&quot;:&quot;pincode&quot;,&quot;address&quot;:&quot;address&quot;,&quot;city&quot;:&quot;city&quot;,&quot;state&quot;:&quot;state&quot;}}</td></tr><tr><th colspan="2">Exception</th></tr><tr><td colspan="2"><div class="stacktrace">org.openqa.selenium.WebDriverException: unknown error: session deleted because of page crash
from unknown error: cannot determine loading status
from tab crashed
  (Session info: chrome=88.0.4324.96)
Build info: version: &apos;3.141.59&apos;, revision: &apos;e82be7d358&apos;, time: &apos;2018-11-14T08:17:03&apos;
System info: host: &apos;43b03140fc1e&apos;, ip: &apos;172.20.0.5&apos;, os.name: &apos;Linux&apos;, os.arch: &apos;amd64&apos;, os.version: &apos;4.19.121-linuxkit&apos;, java.version: &apos;1.8.0_212&apos;
Driver info: org.openqa.selenium.remote.RemoteWebDriver
Capabilities {acceptInsecureCerts: false, browserName: chrome, browserVersion: 88.0.4324.96, chrome: {chromedriverVersion: 88.0.4324.96 (68dba2d8a0b14..., userDataDir: /tmp/.com.google.Chrome.CAdHsq}, goog:chromeOptions: {debuggerAddress: localhost:44069}, javascriptEnabled: true, networkConnectionEnabled: false, pageLoadStrategy: normal, platform: LINUX, platformName: LINUX, proxy: Proxy(), setWindowRect: true, strictFileInteractability: false, timeouts: {implicit: 0, pageLoad: 300000, script: 30000}, unhandledPromptBehavior: dismiss and notify, webauthn:extension:largeBlob: true, webauthn:virtualAuthenticators: true, webdriver.remote.sessionid: 92f378e870ef685d33b8662fd02...}
Session ID: 92f378e870ef685d33b8662fd0271b45
	at org.openqa.selenium.remote.http.W3CHttpResponseCodec.createException(W3CHttpResponseCodec.java:187)
	at org.openqa.selenium.remote.http.W3CHttpResponseCodec.decode(W3CHttpResponseCodec.java:122)
	at org.openqa.selenium.remote.http.W3CHttpResponseCodec.decode(W3CHttpResponseCodec.java:49)
	at org.openqa.selenium.remote.HttpCommandExecutor.execute(HttpCommandExecutor.java:158)
	at org.openqa.selenium.remote.RemoteWebDriver.execute(RemoteWebDriver.java:552)
	at org.openqa.selenium.remote.RemoteWebDriver.get(RemoteWebDriver.java:277)
	at com.newtours.pages.RegistrationPage.goTo(RegistrationPage.java:61)
	at com.newtour.tests.BookFlightsTest.registrationPageTest(BookFlightsTest.java:37)
	at java.util.ArrayList.forEach(ArrayList.java:1257)
	at java.util.concurrent.FutureTask.run(FutureTask.java:266)
	at java.util.concurrent.ThreadPoolExecutor.runWorker(ThreadPoolExecutor.java:1149)
	at java.util.concurrent.ThreadPoolExecutor$Worker.run(ThreadPoolExecutor.java:624)
	at java.lang.Thread.run(Thread.java:748)
... Removed 22 stack frames</div></td></tr></table><p class="totop"><a href="#summary">back to summary</a></p>
<h3 id="m25">com.newtour.tests.BookFlightsTest#findFlightsPageTest</h3><table class="result"><tr><th>Exception</th></tr><tr><td><div class="stacktrace">java.lang.Throwable: Method BookFlightsTest.findFlightsPageTest()[pri:0, instance:com.newtour.tests.BookFlightsTest@5622fdf] depends on not successfully finished methods
	at java.util.ArrayList.forEach(ArrayList.java:1257)
	at java.util.concurrent.FutureTask.run(FutureTask.java:266)
	at java.util.concurrent.ThreadPoolExecutor.runWorker(ThreadPoolExecutor.java:1149)
	at java.util.concurrent.ThreadPoolExecutor$Worker.run(ThreadPoolExecutor.java:624)
	at java.lang.Thread.run(Thread.java:748)
... Removed 9 stack frames</div></td></tr></table><p class="totop"><a href="#summary">back to summary</a></p>
<h3 id="m26">com.newtour.tests.BookFlightsTest#flightsDetailsPageTest</h3><table class="result"><tr><th>Exception</th></tr><tr><td><div class="stacktrace">java.lang.Throwable: Method BookFlightsTest.flightsDetailsPageTest()[pri:0, instance:com.newtour.tests.BookFlightsTest@5622fdf] depends on not successfully finished methods
	at java.util.ArrayList.forEach(ArrayList.java:1257)
	at java.util.concurrent.FutureTask.run(FutureTask.java:266)
	at java.util.concurrent.ThreadPoolExecutor.runWorker(ThreadPoolExecutor.java:1149)
	at java.util.concurrent.ThreadPoolExecutor$Worker.run(ThreadPoolExecutor.java:624)
	at java.lang.Thread.run(Thread.java:748)
... Removed 9 stack frames</div></td></tr></table><p class="totop"><a href="#summary">back to summary</a></p>
<h3 id="m27">com.newtour.tests.BookFlightsTest#printConformationPageTest</h3><table class="result"><tr><th>Exception</th></tr><tr><td><div class="stacktrace">java.lang.Throwable: Method BookFlightsTest.printConformationPageTest()[pri:0, instance:com.newtour.tests.BookFlightsTest@5622fdf] depends on not successfully finished methods
	at java.util.ArrayList.forEach(ArrayList.java:1257)
	at java.util.concurrent.FutureTask.run(FutureTask.java:266)
	at java.util.concurrent.ThreadPoolExecutor.runWorker(ThreadPoolExecutor.java:1149)
	at java.util.concurrent.ThreadPoolExecutor$Worker.run(ThreadPoolExecutor.java:624)
	at java.lang.Thread.run(Thread.java:748)
... Removed 9 stack frames</div></td></tr></table><p class="totop"><a href="#summary">back to summary</a></p>
<h3 id="m28">com.newtour.tests.BookFlightsTest#registrationConfirmationPageTest</h3><table class="result"><tr><th>Exception</th></tr><tr><td><div class="stacktrace">java.lang.Throwable: Method BookFlightsTest.registrationConfirmationPageTest()[pri:0, instance:com.newtour.tests.BookFlightsTest@5622fdf] depends on not successfully finished methods
	at java.util.ArrayList.forEach(ArrayList.java:1257)
	at java.util.concurrent.FutureTask.run(FutureTask.java:266)
	at java.util.concurrent.ThreadPoolExecutor.runWorker(ThreadPoolExecutor.java:1149)
	at java.util.concurrent.ThreadPoolExecutor$Worker.run(ThreadPoolExecutor.java:624)
	at java.lang.Thread.run(Thread.java:748)
... Removed 9 stack frames</div></td></tr></table><p class="totop"><a href="#summary">back to summary</a></p>
<h2>book-flight-2-firefox</h2><h3 id="m29">com.newtour.tests.BookFlightsTest#findFlightsPageTest</h3><table class="result"><tr><th class="invisible"/></tr></table><p class="totop"><a href="#summary">back to summary</a></p>
<h3 id="m30">com.newtour.tests.BookFlightsTest#flightsDetailsPageTest</h3><table class="result"><tr><th class="invisible"/></tr></table><p class="totop"><a href="#summary">back to summary</a></p>
<h3 id="m31">com.newtour.tests.BookFlightsTest#printConformationPageTest</h3><table class="result"><tr><th class="invisible"/></tr></table><p class="totop"><a href="#summary">back to summary</a></p>
<h3 id="m32">com.newtour.tests.BookFlightsTest#registrationConfirmationPageTest</h3><table class="result"><tr><th class="invisible"/></tr></table><p class="totop"><a href="#summary">back to summary</a></p>
<h3 id="m33">com.newtour.tests.BookFlightsTest#registrationPageTest</h3><table class="result"><tr class="param"><th>Parameter #1</th><th>Parameter #2</th></tr><tr class="param stripe"><td>Registration parameters in main test</td><td>{&quot;country&quot;:&quot;INDIA&quot;,&quot;user_info&quot;:{&quot;password&quot;:&quot;password&quot;,&quot;user_name&quot;:&quot;user_name&quot;},&quot;contactinfo&quot;:{&quot;firstname&quot;:&quot;vishnu&quot;,&quot;phone_number&quot;:&quot;8074839733&quot;,&quot;email&quot;:&quot;vishnu26121993@gmail.com&quot;,&quot;lastname&quot;:&quot;vardhan&quot;},&quot;mail_info&quot;:{&quot;pincode&quot;:&quot;pincode&quot;,&quot;address&quot;:&quot;address&quot;,&quot;city&quot;:&quot;city&quot;,&quot;state&quot;:&quot;state&quot;}}</td></tr></table><p class="totop"><a href="#summary">back to summary</a></p>
<h2>book-flight-3-firefox</h2><h3 id="m34">com.newtour.tests.BookFlightsTest#quitBrowser</h3><table class="result"><tr><th>Exception</th></tr><tr><td><div class="stacktrace">org.openqa.selenium.WebDriverException: Session [8a193d2cb5a8d9ef754414bfa017a39b] was terminated due to BROWSER_TIMEOUT
Build info: version: &apos;3.141.59&apos;, revision: &apos;e82be7d358&apos;, time: &apos;2018-11-14T08:17:03&apos;
System info: host: &apos;43b03140fc1e&apos;, ip: &apos;172.20.0.5&apos;, os.name: &apos;Linux&apos;, os.arch: &apos;amd64&apos;, os.version: &apos;4.19.121-linuxkit&apos;, java.version: &apos;1.8.0_212&apos;
Driver info: org.openqa.selenium.remote.RemoteWebDriver
Capabilities {acceptInsecureCerts: false, browserName: chrome, browserVersion: 88.0.4324.96, chrome: {chromedriverVersion: 88.0.4324.96 (68dba2d8a0b14..., userDataDir: /tmp/.com.google.Chrome.8ROifw}, goog:chromeOptions: {debuggerAddress: localhost:34255}, javascriptEnabled: true, networkConnectionEnabled: false, pageLoadStrategy: normal, platform: LINUX, platformName: LINUX, proxy: Proxy(), setWindowRect: true, strictFileInteractability: false, timeouts: {implicit: 0, pageLoad: 300000, script: 30000}, unhandledPromptBehavior: dismiss and notify, webauthn:extension:largeBlob: true, webauthn:virtualAuthenticators: true, webdriver.remote.sessionid: 8a193d2cb5a8d9ef754414bfa01...}
Session ID: 8a193d2cb5a8d9ef754414bfa017a39b
	at org.openqa.selenium.remote.http.W3CHttpResponseCodec.createException(W3CHttpResponseCodec.java:187)
	at org.openqa.selenium.remote.http.W3CHttpResponseCodec.decode(W3CHttpResponseCodec.java:122)
	at org.openqa.selenium.remote.http.W3CHttpResponseCodec.decode(W3CHttpResponseCodec.java:49)
	at org.openqa.selenium.remote.HttpCommandExecutor.execute(HttpCommandExecutor.java:158)
	at org.openqa.selenium.remote.RemoteWebDriver.execute(RemoteWebDriver.java:552)
	at org.openqa.selenium.remote.RemoteWebDriver.execute(RemoteWebDriver.java:609)
	at org.openqa.selenium.remote.RemoteWebDriver.quit(RemoteWebDriver.java:452)
	at tests.BaseTest.quitBrowser(BaseTest.java:44)
	at java.util.concurrent.FutureTask.run(FutureTask.java:266)
	at java.util.concurrent.ThreadPoolExecutor.runWorker(ThreadPoolExecutor.java:1149)
	at java.util.concurrent.ThreadPoolExecutor$Worker.run(ThreadPoolExecutor.java:624)
	at java.lang.Thread.run(Thread.java:748)
... Removed 19 stack frames</div></td></tr></table><p class="totop"><a href="#summary">back to summary</a></p>
<h3 id="m35">com.newtour.tests.BookFlightsTest#screenshot</h3><table class="result"><tr class="param"><th>Parameter #1</th></tr><tr class="param stripe"><td>[TestResult name=registrationPageTest status=FAILURE method=BookFlightsTest.registrationPageTest(java.lang.String, java.lang.String)[pri:0, instance:com.newtour.tests.BookFlightsTest@5f341870] output={null}]</td></tr><tr><th>Exception</th></tr><tr><td><div class="stacktrace">org.openqa.selenium.NoSuchSessionException: invalid session id
Build info: version: &apos;3.141.59&apos;, revision: &apos;e82be7d358&apos;, time: &apos;2018-11-14T08:17:03&apos;
System info: host: &apos;43b03140fc1e&apos;, ip: &apos;172.20.0.5&apos;, os.name: &apos;Linux&apos;, os.arch: &apos;amd64&apos;, os.version: &apos;4.19.121-linuxkit&apos;, java.version: &apos;1.8.0_212&apos;
Driver info: org.openqa.selenium.remote.RemoteWebDriver
Capabilities {acceptInsecureCerts: false, browserName: chrome, browserVersion: 88.0.4324.96, chrome: {chromedriverVersion: 88.0.4324.96 (68dba2d8a0b14..., userDataDir: /tmp/.com.google.Chrome.8ROifw}, goog:chromeOptions: {debuggerAddress: localhost:34255}, javascriptEnabled: true, networkConnectionEnabled: false, pageLoadStrategy: normal, platform: LINUX, platformName: LINUX, proxy: Proxy(), setWindowRect: true, strictFileInteractability: false, timeouts: {implicit: 0, pageLoad: 300000, script: 30000}, unhandledPromptBehavior: dismiss and notify, webauthn:extension:largeBlob: true, webauthn:virtualAuthenticators: true, webdriver.remote.sessionid: 8a193d2cb5a8d9ef754414bfa01...}
Session ID: 8a193d2cb5a8d9ef754414bfa017a39b
	at org.openqa.selenium.remote.http.W3CHttpResponseCodec.createException(W3CHttpResponseCodec.java:187)
	at org.openqa.selenium.remote.http.W3CHttpResponseCodec.decode(W3CHttpResponseCodec.java:122)
	at org.openqa.selenium.remote.http.W3CHttpResponseCodec.decode(W3CHttpResponseCodec.java:49)
	at org.openqa.selenium.remote.HttpCommandExecutor.execute(HttpCommandExecutor.java:158)
	at org.openqa.selenium.remote.RemoteWebDriver.execute(RemoteWebDriver.java:552)
	at org.openqa.selenium.remote.RemoteWebDriver.execute(RemoteWebDriver.java:609)
	at org.openqa.selenium.remote.RemoteWebDriver.getScreenshotAs(RemoteWebDriver.java:295)
	at com.newtour.tests.BookFlightsTest.screenshot(BookFlightsTest.java:95)
	at java.util.ArrayList.forEach(ArrayList.java:1257)
	at java.util.concurrent.FutureTask.run(FutureTask.java:266)
	at java.util.concurrent.ThreadPoolExecutor.runWorker(ThreadPoolExecutor.java:1149)
	at java.util.concurrent.ThreadPoolExecutor$Worker.run(ThreadPoolExecutor.java:624)
	at java.lang.Thread.run(Thread.java:748)
... Removed 26 stack frames</div></td></tr></table><p class="totop"><a href="#summary">back to summary</a></p>
<h3 id="m36">com.newtour.tests.BookFlightsTest#registrationPageTest</h3><table class="result"><tr class="param"><th>Parameter #1</th><th>Parameter #2</th></tr><tr class="param stripe"><td>Registration parameters in main test</td><td>{&quot;country&quot;:&quot;INDIA&quot;,&quot;user_info&quot;:{&quot;password&quot;:&quot;password&quot;,&quot;user_name&quot;:&quot;user_name&quot;},&quot;contactinfo&quot;:{&quot;firstname&quot;:&quot;vishnu&quot;,&quot;phone_number&quot;:&quot;8074839733&quot;,&quot;email&quot;:&quot;vishnu26121993@gmail.com&quot;,&quot;lastname&quot;:&quot;vardhan&quot;},&quot;mail_info&quot;:{&quot;pincode&quot;:&quot;pincode&quot;,&quot;address&quot;:&quot;address&quot;,&quot;city&quot;:&quot;city&quot;,&quot;state&quot;:&quot;state&quot;}}</td></tr><tr><th colspan="2">Exception</th></tr><tr><td colspan="2"><div class="stacktrace">org.openqa.selenium.WebDriverException: unknown error: session deleted because of page crash
from unknown error: cannot determine loading status
from tab crashed
  (Session info: chrome=88.0.4324.96)
Build info: version: &apos;3.141.59&apos;, revision: &apos;e82be7d358&apos;, time: &apos;2018-11-14T08:17:03&apos;
System info: host: &apos;43b03140fc1e&apos;, ip: &apos;172.20.0.5&apos;, os.name: &apos;Linux&apos;, os.arch: &apos;amd64&apos;, os.version: &apos;4.19.121-linuxkit&apos;, java.version: &apos;1.8.0_212&apos;
Driver info: org.openqa.selenium.remote.RemoteWebDriver
Capabilities {acceptInsecureCerts: false, browserName: chrome, browserVersion: 88.0.4324.96, chrome: {chromedriverVersion: 88.0.4324.96 (68dba2d8a0b14..., userDataDir: /tmp/.com.google.Chrome.8ROifw}, goog:chromeOptions: {debuggerAddress: localhost:34255}, javascriptEnabled: true, networkConnectionEnabled: false, pageLoadStrategy: normal, platform: LINUX, platformName: LINUX, proxy: Proxy(), setWindowRect: true, strictFileInteractability: false, timeouts: {implicit: 0, pageLoad: 300000, script: 30000}, unhandledPromptBehavior: dismiss and notify, webauthn:extension:largeBlob: true, webauthn:virtualAuthenticators: true, webdriver.remote.sessionid: 8a193d2cb5a8d9ef754414bfa01...}
Session ID: 8a193d2cb5a8d9ef754414bfa017a39b
	at org.openqa.selenium.remote.http.W3CHttpResponseCodec.createException(W3CHttpResponseCodec.java:187)
	at org.openqa.selenium.remote.http.W3CHttpResponseCodec.decode(W3CHttpResponseCodec.java:122)
	at org.openqa.selenium.remote.http.W3CHttpResponseCodec.decode(W3CHttpResponseCodec.java:49)
	at org.openqa.selenium.remote.HttpCommandExecutor.execute(HttpCommandExecutor.java:158)
	at org.openqa.selenium.remote.RemoteWebDriver.execute(RemoteWebDriver.java:552)
	at org.openqa.selenium.remote.RemoteWebElement.execute(RemoteWebElement.java:285)
	at org.openqa.selenium.remote.RemoteWebElement.isSelected(RemoteWebElement.java:146)
	at org.openqa.selenium.support.ui.Select.setSelected(Select.java:310)
	at org.openqa.selenium.support.ui.Select.selectByVisibleText(Select.java:116)
	at com.newtours.pages.RegistrationPage.dropDown(RegistrationPage.java:80)
	at com.newtour.tests.BookFlightsTest.registrationPageTest(BookFlightsTest.java:49)
	at java.util.ArrayList.forEach(ArrayList.java:1257)
	at java.util.concurrent.FutureTask.run(FutureTask.java:266)
	at java.util.concurrent.ThreadPoolExecutor.runWorker(ThreadPoolExecutor.java:1149)
	at java.util.concurrent.ThreadPoolExecutor$Worker.run(ThreadPoolExecutor.java:624)
	at java.lang.Thread.run(Thread.java:748)
... Removed 22 stack frames</div></td></tr></table><p class="totop"><a href="#summary">back to summary</a></p>
<h3 id="m37">com.newtour.tests.BookFlightsTest#findFlightsPageTest</h3><table class="result"><tr><th>Exception</th></tr><tr><td><div class="stacktrace">java.lang.Throwable: Method BookFlightsTest.findFlightsPageTest()[pri:0, instance:com.newtour.tests.BookFlightsTest@5f341870] depends on not successfully finished methods
	at java.util.ArrayList.forEach(ArrayList.java:1257)
	at java.util.concurrent.FutureTask.run(FutureTask.java:266)
	at java.util.concurrent.ThreadPoolExecutor.runWorker(ThreadPoolExecutor.java:1149)
	at java.util.concurrent.ThreadPoolExecutor$Worker.run(ThreadPoolExecutor.java:624)
	at java.lang.Thread.run(Thread.java:748)
... Removed 9 stack frames</div></td></tr></table><p class="totop"><a href="#summary">back to summary</a></p>
<h3 id="m38">com.newtour.tests.BookFlightsTest#flightsDetailsPageTest</h3><table class="result"><tr><th>Exception</th></tr><tr><td><div class="stacktrace">java.lang.Throwable: Method BookFlightsTest.flightsDetailsPageTest()[pri:0, instance:com.newtour.tests.BookFlightsTest@5f341870] depends on not successfully finished methods
	at java.util.ArrayList.forEach(ArrayList.java:1257)
	at java.util.concurrent.FutureTask.run(FutureTask.java:266)
	at java.util.concurrent.ThreadPoolExecutor.runWorker(ThreadPoolExecutor.java:1149)
	at java.util.concurrent.ThreadPoolExecutor$Worker.run(ThreadPoolExecutor.java:624)
	at java.lang.Thread.run(Thread.java:748)
... Removed 9 stack frames</div></td></tr></table><p class="totop"><a href="#summary">back to summary</a></p>
<h3 id="m39">com.newtour.tests.BookFlightsTest#printConformationPageTest</h3><table class="result"><tr><th>Exception</th></tr><tr><td><div class="stacktrace">java.lang.Throwable: Method BookFlightsTest.printConformationPageTest()[pri:0, instance:com.newtour.tests.BookFlightsTest@5f341870] depends on not successfully finished methods
	at java.util.ArrayList.forEach(ArrayList.java:1257)
	at java.util.concurrent.FutureTask.run(FutureTask.java:266)
	at java.util.concurrent.ThreadPoolExecutor.runWorker(ThreadPoolExecutor.java:1149)
	at java.util.concurrent.ThreadPoolExecutor$Worker.run(ThreadPoolExecutor.java:624)
	at java.lang.Thread.run(Thread.java:748)
... Removed 9 stack frames</div></td></tr></table><p class="totop"><a href="#summary">back to summary</a></p>
<h3 id="m40">com.newtour.tests.BookFlightsTest#registrationConfirmationPageTest</h3><table class="result"><tr><th>Exception</th></tr><tr><td><div class="stacktrace">java.lang.Throwable: Method BookFlightsTest.registrationConfirmationPageTest()[pri:0, instance:com.newtour.tests.BookFlightsTest@5f341870] depends on not successfully finished methods
	at java.util.ArrayList.forEach(ArrayList.java:1257)
	at java.util.concurrent.FutureTask.run(FutureTask.java:266)
	at java.util.concurrent.ThreadPoolExecutor.runWorker(ThreadPoolExecutor.java:1149)
	at java.util.concurrent.ThreadPoolExecutor$Worker.run(ThreadPoolExecutor.java:624)
	at java.lang.Thread.run(Thread.java:748)
... Removed 9 stack frames</div></td></tr></table><p class="totop"><a href="#summary">back to summary</a></p>
<h2>book-flight-4-firefox</h2><h3 id="m41">com.newtour.tests.BookFlightsTest#quitBrowser</h3><table class="result"><tr><th>Exception</th></tr><tr><td><div class="stacktrace">org.openqa.selenium.WebDriverException: Session [4c29f9f752732a30a8365a89086c0f09] was terminated due to BROWSER_TIMEOUT
Build info: version: &apos;3.141.59&apos;, revision: &apos;e82be7d358&apos;, time: &apos;2018-11-14T08:17:03&apos;
System info: host: &apos;43b03140fc1e&apos;, ip: &apos;172.20.0.5&apos;, os.name: &apos;Linux&apos;, os.arch: &apos;amd64&apos;, os.version: &apos;4.19.121-linuxkit&apos;, java.version: &apos;1.8.0_212&apos;
Driver info: org.openqa.selenium.remote.RemoteWebDriver
Capabilities {acceptInsecureCerts: false, browserName: chrome, browserVersion: 88.0.4324.96, chrome: {chromedriverVersion: 88.0.4324.96 (68dba2d8a0b14..., userDataDir: /tmp/.com.google.Chrome.PgypLz}, goog:chromeOptions: {debuggerAddress: localhost:45575}, javascriptEnabled: true, networkConnectionEnabled: false, pageLoadStrategy: normal, platform: LINUX, platformName: LINUX, proxy: Proxy(), setWindowRect: true, strictFileInteractability: false, timeouts: {implicit: 0, pageLoad: 300000, script: 30000}, unhandledPromptBehavior: dismiss and notify, webauthn:extension:largeBlob: true, webauthn:virtualAuthenticators: true, webdriver.remote.sessionid: 4c29f9f752732a30a8365a89086...}
Session ID: 4c29f9f752732a30a8365a89086c0f09
	at org.openqa.selenium.remote.http.W3CHttpResponseCodec.createException(W3CHttpResponseCodec.java:187)
	at org.openqa.selenium.remote.http.W3CHttpResponseCodec.decode(W3CHttpResponseCodec.java:122)
	at org.openqa.selenium.remote.http.W3CHttpResponseCodec.decode(W3CHttpResponseCodec.java:49)
	at org.openqa.selenium.remote.HttpCommandExecutor.execute(HttpCommandExecutor.java:158)
	at org.openqa.selenium.remote.RemoteWebDriver.execute(RemoteWebDriver.java:552)
	at org.openqa.selenium.remote.RemoteWebDriver.execute(RemoteWebDriver.java:609)
	at org.openqa.selenium.remote.RemoteWebDriver.quit(RemoteWebDriver.java:452)
	at tests.BaseTest.quitBrowser(BaseTest.java:44)
	at java.util.concurrent.FutureTask.run(FutureTask.java:266)
	at java.util.concurrent.ThreadPoolExecutor.runWorker(ThreadPoolExecutor.java:1149)
	at java.util.concurrent.ThreadPoolExecutor$Worker.run(ThreadPoolExecutor.java:624)
	at java.lang.Thread.run(Thread.java:748)
... Removed 19 stack frames</div></td></tr></table><p class="totop"><a href="#summary">back to summary</a></p>
<h3 id="m42">com.newtour.tests.BookFlightsTest#screenshot</h3><table class="result"><tr class="param"><th>Parameter #1</th></tr><tr class="param stripe"><td>[TestResult name=registrationPageTest status=FAILURE method=BookFlightsTest.registrationPageTest(java.lang.String, java.lang.String)[pri:0, instance:com.newtour.tests.BookFlightsTest@2f686d1f] output={null}]</td></tr><tr><th>Exception</th></tr><tr><td><div class="stacktrace">org.openqa.selenium.NoSuchSessionException: invalid session id
Build info: version: &apos;3.141.59&apos;, revision: &apos;e82be7d358&apos;, time: &apos;2018-11-14T08:17:03&apos;
System info: host: &apos;43b03140fc1e&apos;, ip: &apos;172.20.0.5&apos;, os.name: &apos;Linux&apos;, os.arch: &apos;amd64&apos;, os.version: &apos;4.19.121-linuxkit&apos;, java.version: &apos;1.8.0_212&apos;
Driver info: org.openqa.selenium.remote.RemoteWebDriver
Capabilities {acceptInsecureCerts: false, browserName: chrome, browserVersion: 88.0.4324.96, chrome: {chromedriverVersion: 88.0.4324.96 (68dba2d8a0b14..., userDataDir: /tmp/.com.google.Chrome.PgypLz}, goog:chromeOptions: {debuggerAddress: localhost:45575}, javascriptEnabled: true, networkConnectionEnabled: false, pageLoadStrategy: normal, platform: LINUX, platformName: LINUX, proxy: Proxy(), setWindowRect: true, strictFileInteractability: false, timeouts: {implicit: 0, pageLoad: 300000, script: 30000}, unhandledPromptBehavior: dismiss and notify, webauthn:extension:largeBlob: true, webauthn:virtualAuthenticators: true, webdriver.remote.sessionid: 4c29f9f752732a30a8365a89086...}
Session ID: 4c29f9f752732a30a8365a89086c0f09
	at org.openqa.selenium.remote.http.W3CHttpResponseCodec.createException(W3CHttpResponseCodec.java:187)
	at org.openqa.selenium.remote.http.W3CHttpResponseCodec.decode(W3CHttpResponseCodec.java:122)
	at org.openqa.selenium.remote.http.W3CHttpResponseCodec.decode(W3CHttpResponseCodec.java:49)
	at org.openqa.selenium.remote.HttpCommandExecutor.execute(HttpCommandExecutor.java:158)
	at org.openqa.selenium.remote.RemoteWebDriver.execute(RemoteWebDriver.java:552)
	at org.openqa.selenium.remote.RemoteWebDriver.execute(RemoteWebDriver.java:609)
	at org.openqa.selenium.remote.RemoteWebDriver.getScreenshotAs(RemoteWebDriver.java:295)
	at com.newtour.tests.BookFlightsTest.screenshot(BookFlightsTest.java:95)
	at java.util.ArrayList.forEach(ArrayList.java:1257)
	at java.util.concurrent.FutureTask.run(FutureTask.java:266)
	at java.util.concurrent.ThreadPoolExecutor.runWorker(ThreadPoolExecutor.java:1149)
	at java.util.concurrent.ThreadPoolExecutor$Worker.run(ThreadPoolExecutor.java:624)
	at java.lang.Thread.run(Thread.java:748)
... Removed 26 stack frames</div></td></tr></table><p class="totop"><a href="#summary">back to summary</a></p>
<h3 id="m43">com.newtour.tests.BookFlightsTest#registrationPageTest</h3><table class="result"><tr class="param"><th>Parameter #1</th><th>Parameter #2</th></tr><tr class="param stripe"><td>Registration parameters in main test</td><td>{&quot;country&quot;:&quot;INDIA&quot;,&quot;user_info&quot;:{&quot;password&quot;:&quot;password&quot;,&quot;user_name&quot;:&quot;user_name&quot;},&quot;contactinfo&quot;:{&quot;firstname&quot;:&quot;vishnu&quot;,&quot;phone_number&quot;:&quot;8074839733&quot;,&quot;email&quot;:&quot;vishnu26121993@gmail.com&quot;,&quot;lastname&quot;:&quot;vardhan&quot;},&quot;mail_info&quot;:{&quot;pincode&quot;:&quot;pincode&quot;,&quot;address&quot;:&quot;address&quot;,&quot;city&quot;:&quot;city&quot;,&quot;state&quot;:&quot;state&quot;}}</td></tr><tr><th colspan="2">Exception</th></tr><tr><td colspan="2"><div class="stacktrace">org.openqa.selenium.WebDriverException: unknown error: session deleted because of page crash
from unknown error: cannot determine loading status
from tab crashed
  (Session info: chrome=88.0.4324.96)
Build info: version: &apos;3.141.59&apos;, revision: &apos;e82be7d358&apos;, time: &apos;2018-11-14T08:17:03&apos;
System info: host: &apos;43b03140fc1e&apos;, ip: &apos;172.20.0.5&apos;, os.name: &apos;Linux&apos;, os.arch: &apos;amd64&apos;, os.version: &apos;4.19.121-linuxkit&apos;, java.version: &apos;1.8.0_212&apos;
Driver info: org.openqa.selenium.remote.RemoteWebDriver
Capabilities {acceptInsecureCerts: false, browserName: chrome, browserVersion: 88.0.4324.96, chrome: {chromedriverVersion: 88.0.4324.96 (68dba2d8a0b14..., userDataDir: /tmp/.com.google.Chrome.PgypLz}, goog:chromeOptions: {debuggerAddress: localhost:45575}, javascriptEnabled: true, networkConnectionEnabled: false, pageLoadStrategy: normal, platform: LINUX, platformName: LINUX, proxy: Proxy(), setWindowRect: true, strictFileInteractability: false, timeouts: {implicit: 0, pageLoad: 300000, script: 30000}, unhandledPromptBehavior: dismiss and notify, webauthn:extension:largeBlob: true, webauthn:virtualAuthenticators: true, webdriver.remote.sessionid: 4c29f9f752732a30a8365a89086...}
Session ID: 4c29f9f752732a30a8365a89086c0f09
	at org.openqa.selenium.remote.http.W3CHttpResponseCodec.createException(W3CHttpResponseCodec.java:187)
	at org.openqa.selenium.remote.http.W3CHttpResponseCodec.decode(W3CHttpResponseCodec.java:122)
	at org.openqa.selenium.remote.http.W3CHttpResponseCodec.decode(W3CHttpResponseCodec.java:49)
	at org.openqa.selenium.remote.HttpCommandExecutor.execute(HttpCommandExecutor.java:158)
	at org.openqa.selenium.remote.RemoteWebDriver.execute(RemoteWebDriver.java:552)
	at org.openqa.selenium.remote.RemoteWebDriver.get(RemoteWebDriver.java:277)
	at com.newtours.pages.RegistrationPage.goTo(RegistrationPage.java:61)
	at com.newtour.tests.BookFlightsTest.registrationPageTest(BookFlightsTest.java:37)
	at java.util.ArrayList.forEach(ArrayList.java:1257)
	at java.util.concurrent.FutureTask.run(FutureTask.java:266)
	at java.util.concurrent.ThreadPoolExecutor.runWorker(ThreadPoolExecutor.java:1149)
	at java.util.concurrent.ThreadPoolExecutor$Worker.run(ThreadPoolExecutor.java:624)
	at java.lang.Thread.run(Thread.java:748)
... Removed 22 stack frames</div></td></tr></table><p class="totop"><a href="#summary">back to summary</a></p>
<h3 id="m44">com.newtour.tests.BookFlightsTest#findFlightsPageTest</h3><table class="result"><tr><th>Exception</th></tr><tr><td><div class="stacktrace">java.lang.Throwable: Method BookFlightsTest.findFlightsPageTest()[pri:0, instance:com.newtour.tests.BookFlightsTest@2f686d1f] depends on not successfully finished methods
	at java.util.ArrayList.forEach(ArrayList.java:1257)
	at java.util.concurrent.FutureTask.run(FutureTask.java:266)
	at java.util.concurrent.ThreadPoolExecutor.runWorker(ThreadPoolExecutor.java:1149)
	at java.util.concurrent.ThreadPoolExecutor$Worker.run(ThreadPoolExecutor.java:624)
	at java.lang.Thread.run(Thread.java:748)
... Removed 9 stack frames</div></td></tr></table><p class="totop"><a href="#summary">back to summary</a></p>
<h3 id="m45">com.newtour.tests.BookFlightsTest#flightsDetailsPageTest</h3><table class="result"><tr><th>Exception</th></tr><tr><td><div class="stacktrace">java.lang.Throwable: Method BookFlightsTest.flightsDetailsPageTest()[pri:0, instance:com.newtour.tests.BookFlightsTest@2f686d1f] depends on not successfully finished methods
	at java.util.ArrayList.forEach(ArrayList.java:1257)
	at java.util.concurrent.FutureTask.run(FutureTask.java:266)
	at java.util.concurrent.ThreadPoolExecutor.runWorker(ThreadPoolExecutor.java:1149)
	at java.util.concurrent.ThreadPoolExecutor$Worker.run(ThreadPoolExecutor.java:624)
	at java.lang.Thread.run(Thread.java:748)
... Removed 9 stack frames</div></td></tr></table><p class="totop"><a href="#summary">back to summary</a></p>
<h3 id="m46">com.newtour.tests.BookFlightsTest#printConformationPageTest</h3><table class="result"><tr><th>Exception</th></tr><tr><td><div class="stacktrace">java.lang.Throwable: Method BookFlightsTest.printConformationPageTest()[pri:0, instance:com.newtour.tests.BookFlightsTest@2f686d1f] depends on not successfully finished methods
	at java.util.ArrayList.forEach(ArrayList.java:1257)
	at java.util.concurrent.FutureTask.run(FutureTask.java:266)
	at java.util.concurrent.ThreadPoolExecutor.runWorker(ThreadPoolExecutor.java:1149)
	at java.util.concurrent.ThreadPoolExecutor$Worker.run(ThreadPoolExecutor.java:624)
	at java.lang.Thread.run(Thread.java:748)
... Removed 9 stack frames</div></td></tr></table><p class="totop"><a href="#summary">back to summary</a></p>
<h3 id="m47">com.newtour.tests.BookFlightsTest#registrationConfirmationPageTest</h3><table class="result"><tr><th>Exception</th></tr><tr><td><div class="stacktrace">java.lang.Throwable: Method BookFlightsTest.registrationConfirmationPageTest()[pri:0, instance:com.newtour.tests.BookFlightsTest@2f686d1f] depends on not successfully finished methods
	at java.util.ArrayList.forEach(ArrayList.java:1257)
	at java.util.concurrent.FutureTask.run(FutureTask.java:266)
	at java.util.concurrent.ThreadPoolExecutor.runWorker(ThreadPoolExecutor.java:1149)
	at java.util.concurrent.ThreadPoolExecutor$Worker.run(ThreadPoolExecutor.java:624)
	at java.lang.Thread.run(Thread.java:748)
... Removed 9 stack frames</div></td></tr></table><p class="totop"><a href="#summary">back to summary</a></p>
</body>
</html>
