<?xml version="1.0" encoding="UTF-8"?>
<!-- Generated by org.testng.reporters.JUnitXMLReporter -->
<testsuite hostname="43b03140fc1e" ignored="0" name="book-flight-1-chrome" tests="5" failures="1" timestamp="2021-02-22T10:29:16 GMT" time="31.847" errors="0">
  <testcase name="registrationPageTest" time="10.867" classname="com.newtour.tests.BookFlightsTest"/>
  <testcase name="registrationConfirmationPageTest" time="0.259" classname="com.newtour.tests.BookFlightsTest"/>
  <testcase name="flightsDetailsPageTest" time="1.623" classname="com.newtour.tests.BookFlightsTest"/>
  <testcase name="findFlightsPageTest" time="0.441" classname="com.newtour.tests.BookFlightsTest"/>
  <testcase name="printConformationPageTest" time="0.379" classname="com.newtour.tests.BookFlightsTest">
    <failure type="java.lang.AssertionError" message="expected [584 USD] but found [$584 USD]">
      <![CDATA[java.lang.AssertionError: expected [584 USD] but found [$584 USD]
at com.newtour.tests.BookFlightsTest.printConformationPageTest(BookFlightsTest.java:78)
at java.util.ArrayList.forEach(ArrayList.java:1257)
at java.util.concurrent.FutureTask.run(FutureTask.java:266)
at java.util.concurrent.ThreadPoolExecutor.runWorker(ThreadPoolExecutor.java:1149)
at java.util.concurrent.ThreadPoolExecutor$Worker.run(ThreadPoolExecutor.java:624)
at java.lang.Thread.run(Thread.java:748)
... Removed 24 stack frames]]>
    </failure>
  </testcase> <!-- printConformationPageTest -->
</testsuite> <!-- book-flight-1-chrome -->
