<?xml version="1.0" encoding="UTF-8"?>
<!-- Generated by org.testng.reporters.JUnitReportReporter -->
<testsuite skipped="0" hostname="d8aabde6d3d6" name="com.newtour.tests.BookFlightsTest" tests="40" failures="2" timestamp="2021-02-22T10:31:39 GMT" time="131.124" errors="0">
  <testcase name="findFlightsPageTest" time="0.676" classname="com.newtour.tests.BookFlightsTest"/>
  <system-out/>
  <testcase name="findFlightsPageTest" time="1.125" classname="com.newtour.tests.BookFlightsTest"/>
  <system-out/>
  <testcase name="printConformationPageTest" time="0.727" classname="com.newtour.tests.BookFlightsTest"/>
  <system-out/>
  <testcase name="flightsDetailsPageTest" time="1.942" classname="com.newtour.tests.BookFlightsTest"/>
  <system-out/>
  <testcase name="findFlightsPageTest" time="1.880" classname="com.newtour.tests.BookFlightsTest"/>
  <system-out/>
  <testcase name="registrationPageTest" time="10.788" classname="com.newtour.tests.BookFlightsTest"/>
  <system-out/>
  <testcase name="registrationPageTest" time="16.291" classname="com.newtour.tests.BookFlightsTest"/>
  <system-out/>
  <testcase name="registrationPageTest" time="8.143" classname="com.newtour.tests.BookFlightsTest"/>
  <system-out/>
  <testcase name="registrationConfirmationPageTest" time="0.235" classname="com.newtour.tests.BookFlightsTest"/>
  <system-out/>
  <testcase name="registrationPageTest" time="15.298" classname="com.newtour.tests.BookFlightsTest"/>
  <system-out/>
  <testcase name="printConformationPageTest" time="0.434" classname="com.newtour.tests.BookFlightsTest"/>
  <system-out/>
  <testcase name="findFlightsPageTest" time="0.640" classname="com.newtour.tests.BookFlightsTest"/>
  <system-out/>
  <testcase name="registrationConfirmationPageTest" time="0.095" classname="com.newtour.tests.BookFlightsTest"/>
  <system-out/>
  <testcase name="registrationConfirmationPageTest" time="0.271" classname="com.newtour.tests.BookFlightsTest"/>
  <system-out/>
  <testcase name="findFlightsPageTest" time="0.595" classname="com.newtour.tests.BookFlightsTest"/>
  <system-out/>
  <testcase name="findFlightsPageTest" time="1.788" classname="com.newtour.tests.BookFlightsTest"/>
  <system-out/>
  <testcase name="flightsDetailsPageTest" time="1.803" classname="com.newtour.tests.BookFlightsTest"/>
  <system-out/>
  <testcase name="registrationPageTest" time="8.855" classname="com.newtour.tests.BookFlightsTest"/>
  <system-out/>
  <testcase name="registrationConfirmationPageTest" time="0.100" classname="com.newtour.tests.BookFlightsTest"/>
  <system-out/>
  <testcase name="findFlightsPageTest" time="0.581" classname="com.newtour.tests.BookFlightsTest"/>
  <system-out/>
  <testcase name="printConformationPageTest" time="0.383" classname="com.newtour.tests.BookFlightsTest"/>
  <system-out/>
  <testcase name="flightsDetailsPageTest" time="2.809" classname="com.newtour.tests.BookFlightsTest"/>
  <system-out/>
  <testcase name="flightsDetailsPageTest" time="1.725" classname="com.newtour.tests.BookFlightsTest"/>
  <system-out/>
  <testcase name="registrationConfirmationPageTest" time="0.175" classname="com.newtour.tests.BookFlightsTest"/>
  <system-out/>
  <testcase name="flightsDetailsPageTest" time="1.774" classname="com.newtour.tests.BookFlightsTest"/>
  <system-out/>
  <testcase name="flightsDetailsPageTest" time="1.679" classname="com.newtour.tests.BookFlightsTest"/>
  <system-out/>
  <testcase name="flightsDetailsPageTest" time="1.708" classname="com.newtour.tests.BookFlightsTest"/>
  <system-out/>
  <testcase name="registrationPageTest" time="8.994" classname="com.newtour.tests.BookFlightsTest"/>
  <system-out/>
  <testcase name="registrationPageTest" time="19.519" classname="com.newtour.tests.BookFlightsTest"/>
  <system-out/>
  <testcase name="printConformationPageTest" time="0.449" classname="com.newtour.tests.BookFlightsTest"/>
  <system-out/>
  <testcase name="flightsDetailsPageTest" time="1.978" classname="com.newtour.tests.BookFlightsTest"/>
  <system-out/>
  <testcase name="registrationPageTest" time="7.728" classname="com.newtour.tests.BookFlightsTest"/>
  <system-out/>
  <testcase name="registrationConfirmationPageTest" time="0.102" classname="com.newtour.tests.BookFlightsTest"/>
  <system-out/>
  <testcase name="findFlightsPageTest" time="0.580" classname="com.newtour.tests.BookFlightsTest"/>
  <system-out/>
  <testcase name="printConformationPageTest" time="0.447" classname="com.newtour.tests.BookFlightsTest">
    <failure type="java.lang.AssertionError" message="expected [584 USD] but found [$584 USD]">
      <![CDATA[java.lang.AssertionError: expected [584 USD] but found [$584 USD]
at org.testng.Assert.fail(Assert.java:99)
at org.testng.Assert.failNotEquals(Assert.java:1037)
at org.testng.Assert.assertEqualsImpl(Assert.java:140)
at org.testng.Assert.assertEquals(Assert.java:122)
at org.testng.Assert.assertEquals(Assert.java:629)
at org.testng.Assert.assertEquals(Assert.java:639)
at com.newtour.tests.BookFlightsTest.printConformationPageTest(BookFlightsTest.java:78)
at sun.reflect.NativeMethodAccessorImpl.invoke0(Native Method)
at sun.reflect.NativeMethodAccessorImpl.invoke(NativeMethodAccessorImpl.java:62)
at sun.reflect.DelegatingMethodAccessorImpl.invoke(DelegatingMethodAccessorImpl.java:43)
at java.lang.reflect.Method.invoke(Method.java:498)
at org.testng.internal.MethodInvocationHelper.invokeMethod(MethodInvocationHelper.java:132)
at org.testng.internal.TestInvoker.invokeMethod(TestInvoker.java:599)
at org.testng.internal.TestInvoker.invokeTestMethod(TestInvoker.java:174)
at org.testng.internal.MethodRunner.runInSequence(MethodRunner.java:46)
at org.testng.internal.TestInvoker$MethodInvocationAgent.invoke(TestInvoker.java:822)
at org.testng.internal.TestInvoker.invokeTestMethods(TestInvoker.java:147)
at org.testng.internal.TestMethodWorker.invokeTestMethods(TestMethodWorker.java:146)
at org.testng.internal.TestMethodWorker.run(TestMethodWorker.java:128)
at java.util.ArrayList.forEach(ArrayList.java:1257)
at org.testng.TestRunner.privateRun(TestRunner.java:764)
at org.testng.TestRunner.run(TestRunner.java:585)
at org.testng.SuiteRunner.runTest(SuiteRunner.java:384)
at org.testng.SuiteRunner.access$000(SuiteRunner.java:28)
at org.testng.SuiteRunner$SuiteWorker.run(SuiteRunner.java:425)
at org.testng.internal.thread.ThreadUtil.lambda$execute$0(ThreadUtil.java:66)
at java.util.concurrent.FutureTask.run(FutureTask.java:266)
at java.util.concurrent.ThreadPoolExecutor.runWorker(ThreadPoolExecutor.java:1149)
at java.util.concurrent.ThreadPoolExecutor$Worker.run(ThreadPoolExecutor.java:624)
at java.lang.Thread.run(Thread.java:748)
]]>
    </failure>
  </testcase> <!-- printConformationPageTest -->
  <system-out/>
  <testcase name="printConformationPageTest" time="1.761" classname="com.newtour.tests.BookFlightsTest">
    <failure type="java.lang.AssertionError" message="expected [584 USD] but found [$584 USD]">
      <![CDATA[java.lang.AssertionError: expected [584 USD] but found [$584 USD]
at org.testng.Assert.fail(Assert.java:99)
at org.testng.Assert.failNotEquals(Assert.java:1037)
at org.testng.Assert.assertEqualsImpl(Assert.java:140)
at org.testng.Assert.assertEquals(Assert.java:122)
at org.testng.Assert.assertEquals(Assert.java:629)
at org.testng.Assert.assertEquals(Assert.java:639)
at com.newtour.tests.BookFlightsTest.printConformationPageTest(BookFlightsTest.java:78)
at sun.reflect.NativeMethodAccessorImpl.invoke0(Native Method)
at sun.reflect.NativeMethodAccessorImpl.invoke(NativeMethodAccessorImpl.java:62)
at sun.reflect.DelegatingMethodAccessorImpl.invoke(DelegatingMethodAccessorImpl.java:43)
at java.lang.reflect.Method.invoke(Method.java:498)
at org.testng.internal.MethodInvocationHelper.invokeMethod(MethodInvocationHelper.java:132)
at org.testng.internal.TestInvoker.invokeMethod(TestInvoker.java:599)
at org.testng.internal.TestInvoker.invokeTestMethod(TestInvoker.java:174)
at org.testng.internal.MethodRunner.runInSequence(MethodRunner.java:46)
at org.testng.internal.TestInvoker$MethodInvocationAgent.invoke(TestInvoker.java:822)
at org.testng.internal.TestInvoker.invokeTestMethods(TestInvoker.java:147)
at org.testng.internal.TestMethodWorker.invokeTestMethods(TestMethodWorker.java:146)
at org.testng.internal.TestMethodWorker.run(TestMethodWorker.java:128)
at java.util.ArrayList.forEach(ArrayList.java:1257)
at org.testng.TestRunner.privateRun(TestRunner.java:764)
at org.testng.TestRunner.run(TestRunner.java:585)
at org.testng.SuiteRunner.runTest(SuiteRunner.java:384)
at org.testng.SuiteRunner.access$000(SuiteRunner.java:28)
at org.testng.SuiteRunner$SuiteWorker.run(SuiteRunner.java:425)
at org.testng.internal.thread.ThreadUtil.lambda$execute$0(ThreadUtil.java:66)
at java.util.concurrent.FutureTask.run(FutureTask.java:266)
at java.util.concurrent.ThreadPoolExecutor.runWorker(ThreadPoolExecutor.java:1149)
at java.util.concurrent.ThreadPoolExecutor$Worker.run(ThreadPoolExecutor.java:624)
at java.lang.Thread.run(Thread.java:748)
]]>
    </failure>
  </testcase> <!-- printConformationPageTest -->
  <system-out/>
  <testcase name="registrationConfirmationPageTest" time="6.175" classname="com.newtour.tests.BookFlightsTest"/>
  <system-out/>
  <testcase name="printConformationPageTest" time="0.332" classname="com.newtour.tests.BookFlightsTest"/>
  <system-out/>
  <testcase name="registrationConfirmationPageTest" time="0.167" classname="com.newtour.tests.BookFlightsTest"/>
  <system-out/>
  <testcase name="printConformationPageTest" time="0.372" classname="com.newtour.tests.BookFlightsTest"/>
  <system-out/>
</testsuite> <!-- com.newtour.tests.BookFlightsTest -->
