<?xml version="1.0" encoding="UTF-8"?>
<!-- Generated by org.testng.reporters.JUnitXMLReporter -->
<testsuite hostname="d8aabde6d3d6" ignored="0" name="book-flight-1-firefox" tests="5" failures="1" timestamp="2021-02-22T10:30:46 GMT" time="122.201" errors="0">
  <testcase name="registrationPageTest" time="19.517" classname="com.newtour.tests.BookFlightsTest"/>
  <testcase name="registrationConfirmationPageTest" time="0.583" classname="com.newtour.tests.BookFlightsTest"/>
  <testcase name="flightsDetailsPageTest" time="1.977" classname="com.newtour.tests.BookFlightsTest"/>
  <testcase name="findFlightsPageTest" time="1.787" classname="com.newtour.tests.BookFlightsTest"/>
  <testcase name="printConformationPageTest" time="1.759" classname="com.newtour.tests.BookFlightsTest">
    <failure type="java.lang.AssertionError" message="expected [584 USD] but found [$584 USD]">
      <![CDATA[java.lang.AssertionError: expected [584 USD] but found [$584 USD]
at com.newtour.tests.BookFlightsTest.printConformationPageTest(BookFlightsTest.java:78)
at java.util.ArrayList.forEach(ArrayList.java:1257)
at java.util.concurrent.FutureTask.run(FutureTask.java:266)
at java.util.concurrent.ThreadPoolExecutor.runWorker(ThreadPoolExecutor.java:1149)
at java.util.concurrent.ThreadPoolExecutor$Worker.run(ThreadPoolExecutor.java:624)
at java.lang.Thread.run(Thread.java:748)
... Removed 24 stack frames]]>
    </failure>
  </testcase> <!-- printConformationPageTest -->
</testsuite> <!-- book-flight-1-firefox -->
